C51 COMPILER V9.55   MAIN                                                                  02/08/2025 22:11:11 PAGE 1   


C51 COMPILER V9.55, COMPILATION OF MODULE MAIN
OBJECT MODULE PLACED IN .\Objects\main.obj
COMPILER INVOKED BY: D:\360Downloads\C51\BIN\C51.EXE main.c OPTIMIZE(8,SPEED) BROWSE DEBUG OBJECTEXTEND PRINT(.\Listings
                    -\main.lst) TABS(2) OBJECT(.\Objects\main.obj)

line level    source

   1          #include<reg52.h>
   2          #define uchar unsigned char
   3          #define uint unsigned int
   4          sbit beep=P2^5;
   5          sbit key=P3^3;
   6          uchar bR0H,bR0L,beat;
   7          
   8          code uchar music[]={0, 0, 0, 1, 2, 3, 5, 4, 3, 2, 1, 3, 0, 5, 6, 1, 2, 3, 7, 1, 5, 6, 0, 0, 1, 2, 3, 5, 4,
             - 3, 2, 1, 3, 0, 5, 6, 1, 2, 3, 7, 1, 5, 6,
   9                  6, 0, 0, 1, 5, 1, 5, 1, 1, 5, 1, 5, 1, 1, 5, 1, 5, 1, 1, 2, 1, 3, 1, 1, 5, 1, 5, 1,
  10                  1, 1, 5, 1, 5, 1, 1, 5, 1, 5, 1, 1, 1, 7, 5, 6, 3, 5, 7, 1, 5, 1, 5, 1, 1, 1, 5, 1, 5, 1, 1, 5, 1,
             - 5, 1,
  11                  1, 1, 2, 1, 3, 1, 1, 2, 1, 3, 1, 1, 2, 1, 3, 1, 1, 0, 0, 0, 5, 5, 1, 5,
  12                  2, 5, 3, 5, 5, 0, 1, 0, 2, 0, 4, 3, 2, 1, 0, 5, 1, 5, 3, 5, 1, 5, 2, 5, 1, 5,
  13                  3, 5, 1, 5, 5, 5, 1, 5, 2, 5, 3, 5, 5, 6, 1, 6, 2};
  14          
  15          code uchar FREQH[]={
  16          
  17          0xF2,0xF3,0xF5,0xF5,0xF6,0xF7,0xF8,
  18          
  19          0xF9,0xF9,0xFA,0xFA,0xFB,0xFB,0xFC,
  20          
  21          0xFC,0xFC,0xFD,0xFD,0xFD,0xFD,0xFE,
  22          
  23          0xFE,0xFE,0xFE,0xFE,0xFE,0xFE,0xFF} ;
  24          //音符频率表,四个8度7阶,低8位
  25          code uchar FREQL[]={
  26          
  27          0x42,0xC1,0x17,0xB6,0xD0,0xD1,0xB6,
  28          
  29          0x21,0xE1,0x8C,0xD8,0x68,0xE9,0x5B,
  30          
  31          0x8F,0xEE,0x44,0x6B,0xB4,0xF4,0x2D,
  32          
  33          0x47,0x77,0xA2,0xB6,0xDA,0xFA,0x16};
  34          
  35          void delay(uchar t)
  36          {
  37   1      uchar t1;
  38   1      
  39   1      unsigned long t2;
  40   1      
  41   1      for(t1=0;t1<t;t1++)
  42   1      
  43   1      {
  44   2      for(t2=0;t2<3200;t2++);
  45   2      }
  46   1      
  47   1      TR0=0;
  48   1      }
  49          
  50          void delay(uchar t);
  51          void play()
  52          {
C51 COMPILER V9.55   MAIN                                                                  02/08/2025 22:11:11 PAGE 2   

  53   1      TH0=bR0H;
  54   1      TL0=bR0L;
  55   1      TR0=1;
  56   1      delay(beat);
  57   1      }
  58          
  59          void play();
  60          void main()
  61          {
  62   1      uchar J,K;
  63   1      TMOD=1;
  64   1      EA=1;
  65   1      ET0=1;
  66   1      EX0=1;
  67   1      
  68   1      while(J<=300)
  69   1      {
  70   2      J=0; 
  71   2      while(1)
  72   2      {
  73   3      K=music[J]+music[J+1]*7-1;
  74   3      bR0H=FREQH[K];
  75   3      bR0L=FREQL[K];
  76   3      beat=music[J+2];
  77   3      J=J+3; 
  78   3      play();
  79   3      }
  80   2      }
  81   1      }
  82          
  83          void t0int() interrupt 1
  84          {
  85   1      TR0=0;
  86   1      
  87   1      beep=~beep;
  88   1      
  89   1      TH0=bR0H;
  90   1      
  91   1      TL0=bR0L;
  92   1      
  93   1      TR0=1;
  94   1      }
  95          //请仿照这个乐谱构成，帮我把乐谱修改为电影《你的名字》中的钢琴曲《约会》，要求效果明显


MODULE INFORMATION:   STATIC OVERLAYABLE
   CODE SIZE        =    176    ----
   CONSTANT SIZE    =    229    ----
   XDATA SIZE       =   ----    ----
   PDATA SIZE       =   ----    ----
   DATA SIZE        =      3       8
   IDATA SIZE       =   ----    ----
   BIT SIZE         =   ----    ----
END OF MODULE INFORMATION.


C51 COMPILATION COMPLETE.  0 WARNING(S),  0 ERROR(S)
